0 0.00172065
0.00142857 0.00530054
0.00214286 0.00529982
0.00285714 0.00530662
0.00357143 0.00532104
0.00428571 0.00534311
0.005 0.00537286
0.00571429 0.00541024
0.00642857 0.00545513
0.00714286 0.00550735
0.00785714 0.00556663
0.00857143 0.00563267
0.00928571 0.00570509
0.01 0.00578346
0.0107143 0.00586734
0.0114286 0.00595625
0.0121429 0.00604971
0.0128571 0.00614723
0.0135714 0.00624834
0.0142857 0.00635256
0.015 0.00645943
0.0157143 0.00656853
0.0164286 0.00667944
0.0171429 0.00679178
0.0178571 0.00690519
0.0185714 0.00701932
0.0192857 0.00713388
0.02 0.00724857
0.0207143 0.00736312
0.0214286 0.00747731
0.0221429 0.0075909
0.0228571 0.0077037
0.0235714 0.00781553
0.0242857 0.00792622
0.025 0.00803562
0.0257143 0.00814362
0.0264286 0.00825008
0.0271429 0.00835492
0.0278571 0.00845803
0.0285714 0.00855935
0.0292857 0.00865882
0.03 0.00875637
0.0307143 0.00885197
0.0314286 0.00894558
0.0321429 0.00903719
0.0328571 0.00912679
0.0335714 0.00921437
0.0342857 0.00929994
0.035 0.0093835
0.0357143 0.0094651
0.0364286 0.00954474
0.0371429 0.00962248
0.0378571 0.00969835
0.0385714 0.00977239
0.0392857 0.00984466
0.04 0.00991522
0.0407143 0.00998413
0.0414286 0.0100515
0.0421429 0.0101172
0.0428571 0.0101816
0.0435714 0.0102445
0.0442857 0.0103062
0.045 0.0103666
0.0457143 0.0104258
0.0464286 0.0104839
0.0471429 0.0105409
0.0478571 0.010597
0.0485714 0.0106522
0.0492857 0.0107065
0.05 0.0107601
0.0507143 0.0108129
0.0514286 0.010865
0.0521429 0.0109164
0.0528571 0.0109673
0.0535714 0.0110176
0.0542857 0.0110675
0.055 0.0111168
0.0557143 0.0111657
0.0564286 0.0112142
0.0571429 0.0112623
0.0578571 0.01131
0.0585714 0.0113573
0.0592857 0.0114044
0.06 0.011451
0.0607143 0.0114974
0.0614286 0.0115435
0.0621429 0.0115892
0.0628571 0.0116346
0.0635714 0.0116797
0.0642857 0.0117246
0.065 0.0117691
0.0657143 0.0118132
0.0664286 0.0118571
0.0671429 0.0119006
0.0678571 0.0119438
0.0685714 0.0119866
0.0692857 0.0120291
0.07 0.0120712
0.0707143 0.0121129
0.0714286 0.0121543
0.0721429 0.0121953
0.0728571 0.0122359
0.0735714 0.012276
0.0742857 0.0123158
0.075 0.0123551
0.0757143 0.012394
0.0764286 0.0124325
0.0771429 0.0124706
0.0778571 0.0125082
0.0785714 0.0125454
0.0792857 0.0125822
0.08 0.0126185
0.0807143 0.0126544
0.0814286 0.0126899
0.0821429 0.0127249
0.0828571 0.0127596
0.0835714 0.0127938
0.0842857 0.0128276
0.085 0.0128611
0.0857143 0.0128941
0.0864286 0.0129268
0.0871429 0.0129591
0.0878571 0.0129911
0.0885714 0.0130227
0.0892857 0.013054
0.09 0.013085
0.0907143 0.0131157
0.0914286 0.0131462
0.0921429 0.0131763
0.0928571 0.0132062
0.0935714 0.0132358
0.0942857 0.0132653
0.095 0.0132945
0.0957143 0.0133235
0.0964286 0.0133523
0.0971429 0.0133809
0.0978571 0.0134094
0.0985714 0.0134377
0.0992857 0.0134658
0.1 0.0134939
0.1 0.0150854
